{"level":"info","message":"Feature 'task' is enabled for user Juan Diego"}
{"level":"info","message":"[21/11/2023, 16:52:56] Feature 'task' is enabled for user Juan Diego"}
{"level":"info","message":"[21/11/2023, 17:02:16] Feature 'task' is not enabled for user Santiago"}
{"level":"info","message":"[21/11/2023, 17:03:02] Feature 'task' is enabled for user Juan Diego"}
{"level":"info","message":"[21/11/2023, 17:16:08] Feature 'task' is enabled for user Juan Diego"}
{"level":"info","message":"[21/11/2023, 17:16:08] Feature 'task' is not enabled for user Juan Diego"}
{"level":"info","message":"[21/11/2023, 17:16:08] Feature 'task' is not enabled for user Juan Diego"}
{"level":"info","message":"[21/11/2023, 17:16:08] Feature 'task' is enabled for user Juan Diego"}
{"level":"info","message":"[21/11/2023, 17:16:08] Feature 'task' is enabled for user Juan Diego"}
{"level":"info","message":"[21/11/2023, 17:16:08] Feature 'task' is enabled for user Juan Diego"}
{"level":"info","message":"[21/11/2023, 17:16:08] Feature 'task' is enabled for user Juan Diego"}
{"level":"info","message":"[21/11/2023, 17:16:08] Feature 'task' is enabled for user Juan Diego"}
{"level":"info","message":"[21/11/2023, 17:16:08] Feature 'task' is enabled for user Juan Diego"}
{"level":"info","message":"[21/11/2023, 17:16:08] Feature 'task' is enabled for user Juan Diego"}
{"level":"info","message":"[21/11/2023, 17:16:08] Feature 'task' is not enabled for user Juan Diego"}
{"level":"info","message":"[21/11/2023, 17:16:08] Feature 'task' is enabled for user Juan Diego"}
{"level":"info","message":"[21/11/2023, 17:16:08] Feature 'task' is enabled for user Juan Diego"}
{"level":"info","message":"[21/11/2023, 17:16:08] Feature 'task' is not enabled for user Juan Diego"}
{"level":"info","message":"[21/11/2023, 17:16:08] Feature 'task' is enabled for user Juan Diego"}
{"level":"info","message":"[21/11/2023, 17:16:08] Feature 'task' is enabled for user Juan Diego"}
{"level":"info","message":"[21/11/2023, 17:16:08] Feature 'task' is not enabled for user Juan Diego"}
{"level":"info","message":"[21/11/2023, 17:16:08] Feature 'task' is not enabled for user Juan Diego"}
{"level":"info","message":"[21/11/2023, 17:16:08] Feature 'task' is not enabled for user Juan Diego"}
{"level":"info","message":"[21/11/2023, 17:16:08] Feature 'task' is not enabled for user Juan Diego"}
{"level":"info","message":"[21/11/2023, 17:16:08] Feature 'task' is not enabled for user Juan Diego"}
{"level":"info","message":"[21/11/2023, 17:16:08] Feature 'task' is enabled for user Juan Diego"}
{"level":"info","message":"[21/11/2023, 17:16:08] Feature 'task' is enabled for user Juan Diego"}
{"level":"info","message":"[21/11/2023, 17:16:08] Feature 'task' is enabled for user Juan Diego"}
{"level":"info","message":"[21/11/2023, 17:16:08] Feature 'task' is not enabled for user Juan Diego"}
{"level":"info","message":"[21/11/2023, 17:16:08] Feature 'task' is not enabled for user Juan Diego"}
{"level":"info","message":"[21/11/2023, 17:16:08] Feature 'task' is enabled for user Juan Diego"}
{"level":"info","message":"[21/11/2023, 17:16:08] Feature 'task' is not enabled for user Juan Diego"}
{"level":"info","message":"[21/11/2023, 17:16:08] Feature 'task' is enabled for user Juan Diego"}
{"level":"info","message":"[21/11/2023, 17:16:08] Feature 'task' is not enabled for user Juan Diego"}
{"level":"info","message":"[21/11/2023, 17:16:08] Feature 'task' is enabled for user Juan Diego"}
{"level":"info","message":"[21/11/2023, 17:16:08] Feature 'task' is enabled for user Juan Diego"}
{"level":"info","message":"[21/11/2023, 17:16:08] Feature 'task' is not enabled for user Juan Diego"}
{"level":"info","message":"[21/11/2023, 17:16:08] Feature 'task' is not enabled for user Juan Diego"}
{"level":"info","message":"[21/11/2023, 17:16:08] Feature 'task' is enabled for user Juan Diego"}
{"level":"info","message":"[21/11/2023, 17:16:08] Feature 'task' is not enabled for user Juan Diego"}
{"level":"info","message":"[21/11/2023, 17:16:08] Feature 'task' is not enabled for user Juan Diego"}
{"level":"info","message":"[21/11/2023, 17:16:08] Feature 'task' is enabled for user Juan Diego"}
{"level":"info","message":"[21/11/2023, 17:16:08] Feature 'task' is not enabled for user Juan Diego"}
{"level":"info","message":"[21/11/2023, 17:16:08] Feature 'task' is enabled for user Juan Diego"}
{"level":"info","message":"[21/11/2023, 17:16:08] Feature 'task' is not enabled for user Juan Diego"}
{"level":"info","message":"[21/11/2023, 17:16:08] Feature 'task' is not enabled for user Juan Diego"}
{"level":"info","message":"[21/11/2023, 17:16:08] Feature 'task' is enabled for user Juan Diego"}
{"level":"info","message":"[21/11/2023, 17:16:08] Feature 'task' is not enabled for user Juan Diego"}
{"level":"info","message":"[21/11/2023, 17:16:08] Feature 'task' is enabled for user Juan Diego"}
{"level":"info","message":"[21/11/2023, 17:16:08] Feature 'task' is not enabled for user Juan Diego"}
{"level":"info","message":"[21/11/2023, 17:16:08] Feature 'task' is not enabled for user Juan Diego"}
{"level":"info","message":"[21/11/2023, 17:16:08] Feature 'task' is not enabled for user Juan Diego"}
{"level":"info","message":"[21/11/2023, 17:16:08] Feature 'task' is not enabled for user Juan Diego"}
{"level":"info","message":"[21/11/2023, 17:16:08] Feature 'task' is enabled for user Juan Diego"}
{"level":"info","message":"[21/11/2023, 17:16:08] Feature 'task' is enabled for user Juan Diego"}
{"level":"info","message":"[21/11/2023, 17:16:08] Feature 'task' is not enabled for user Juan Diego"}
{"level":"info","message":"[21/11/2023, 17:16:08] Feature 'task' is enabled for user Juan Diego"}
{"level":"info","message":"[21/11/2023, 17:16:08] Feature 'task' is not enabled for user Juan Diego"}
{"level":"info","message":"[21/11/2023, 17:16:08] Feature 'task' is not enabled for user Juan Diego"}
{"level":"info","message":"[21/11/2023, 17:16:08] Feature 'task' is not enabled for user Juan Diego"}
{"level":"info","message":"[21/11/2023, 17:16:08] Feature 'task' is not enabled for user Juan Diego"}
{"level":"info","message":"[21/11/2023, 17:16:08] Feature 'task' is not enabled for user Juan Diego"}
{"level":"info","message":"[21/11/2023, 17:16:08] Feature 'task' is enabled for user Juan Diego"}
{"level":"info","message":"[21/11/2023, 17:16:08] Feature 'task' is not enabled for user Juan Diego"}
{"level":"info","message":"[21/11/2023, 17:16:08] Feature 'task' is not enabled for user Juan Diego"}
{"level":"info","message":"[21/11/2023, 17:16:08] Feature 'task' is enabled for user Juan Diego"}
{"level":"info","message":"[21/11/2023, 17:16:08] Feature 'task' is not enabled for user Juan Diego"}
{"level":"info","message":"[21/11/2023, 17:16:08] Feature 'task' is enabled for user Juan Diego"}
{"level":"info","message":"[21/11/2023, 17:16:08] Feature 'task' is enabled for user Juan Diego"}
{"level":"info","message":"[21/11/2023, 17:16:08] Feature 'task' is enabled for user Juan Diego"}
{"level":"info","message":"[21/11/2023, 17:16:08] Feature 'task' is enabled for user Juan Diego"}
{"level":"info","message":"[21/11/2023, 17:16:08] Feature 'task' is not enabled for user Juan Diego"}
{"level":"info","message":"[21/11/2023, 17:16:08] Feature 'task' is enabled for user Juan Diego"}
{"level":"info","message":"[21/11/2023, 17:16:08] Feature 'task' is enabled for user Juan Diego"}
{"level":"info","message":"[21/11/2023, 17:16:08] Feature 'task' is not enabled for user Juan Diego"}
{"level":"info","message":"[21/11/2023, 17:16:08] Feature 'task' is not enabled for user Juan Diego"}
{"level":"info","message":"[21/11/2023, 17:16:08] Feature 'task' is enabled for user Juan Diego"}
{"level":"info","message":"[21/11/2023, 17:16:08] Feature 'task' is enabled for user Juan Diego"}
{"level":"info","message":"[21/11/2023, 17:16:08] Feature 'task' is enabled for user Juan Diego"}
{"level":"info","message":"[21/11/2023, 17:16:08] Feature 'task' is not enabled for user Juan Diego"}
{"level":"info","message":"[21/11/2023, 17:16:08] Feature 'task' is enabled for user Juan Diego"}
{"level":"info","message":"[21/11/2023, 17:16:08] Feature 'task' is enabled for user Juan Diego"}
{"level":"info","message":"[21/11/2023, 17:16:08] Feature 'task' is not enabled for user Juan Diego"}
{"level":"info","message":"[21/11/2023, 17:16:08] Feature 'task' is enabled for user Juan Diego"}
{"level":"info","message":"[21/11/2023, 17:16:08] Feature 'task' is enabled for user Juan Diego"}
{"level":"info","message":"[21/11/2023, 17:16:08] Feature 'task' is not enabled for user Juan Diego"}
{"level":"info","message":"[21/11/2023, 17:16:08] Feature 'task' is not enabled for user Juan Diego"}
{"level":"info","message":"[21/11/2023, 17:16:08] Feature 'task' is not enabled for user Juan Diego"}
{"level":"info","message":"[21/11/2023, 17:16:08] Feature 'task' is not enabled for user Juan Diego"}
{"level":"info","message":"[21/11/2023, 17:16:08] Feature 'task' is not enabled for user Juan Diego"}
{"level":"info","message":"[21/11/2023, 17:16:08] Feature 'task' is enabled for user Juan Diego"}
{"level":"info","message":"[21/11/2023, 17:16:08] Feature 'task' is enabled for user Juan Diego"}
{"level":"info","message":"[21/11/2023, 17:16:08] Feature 'task' is enabled for user Juan Diego"}
{"level":"error","message":"Error processing request: Request failed with status code 429"}
{"level":"error","message":"Error processing request: Request failed with status code 429"}
{"level":"error","message":"Error processing request: Request failed with status code 429"}
{"level":"error","message":"Error processing request: Request failed with status code 429"}
{"level":"info","message":"[21/11/2023, 17:16:08] Feature 'task' is enabled for user Juan Diego"}
{"level":"info","message":"[21/11/2023, 17:16:08] Feature 'task' is enabled for user Juan Diego"}
{"level":"info","message":"[21/11/2023, 17:16:08] Feature 'task' is not enabled for user Juan Diego"}
{"level":"info","message":"[21/11/2023, 17:16:08] Feature 'task' is not enabled for user Juan Diego"}
{"level":"info","message":"[21/11/2023, 17:16:08] Feature 'task' is enabled for user Juan Diego"}
{"level":"info","message":"[21/11/2023, 17:16:08] Feature 'task' is not enabled for user Juan Diego"}
{"level":"info","message":"[21/11/2023, 17:16:08] Feature 'task' is not enabled for user Juan Diego"}
{"level":"info","message":"[21/11/2023, 17:16:08] Feature 'task' is enabled for user Juan Diego"}
{"level":"info","message":"[21/11/2023, 17:16:08] Feature 'task' is not enabled for user Juan Diego"}
{"level":"info","message":"[21/11/2023, 17:16:09] Feature 'task' is not enabled for user Juan Diego"}
{"level":"info","message":"[21/11/2023, 17:16:09] Feature 'task' is enabled for user Juan Diego"}
{"level":"error","message":"Error processing request: Request failed with status code 429"}
{"level":"error","message":"Error processing request: Request failed with status code 429"}
{"level":"error","message":"Error processing request: Request failed with status code 429"}
{"level":"error","message":"Error processing request: Request failed with status code 429"}
{"level":"error","message":"Error processing request: read ECONNRESET"}
{"level":"error","message":"Error processing request: read ECONNRESET"}
{"level":"error","message":"Error processing request: read ECONNRESET"}
{"level":"error","message":"Error processing request: read ECONNRESET"}
{"level":"error","message":"Error processing request: read ECONNRESET"}
{"level":"error","message":"Error processing request: read ECONNRESET"}
{"level":"error","message":"Error processing request: read ECONNRESET"}
{"level":"error","message":"Error processing request: read ECONNRESET"}
{"level":"error","message":"Error processing request: read ECONNRESET"}
{"level":"error","message":"Error processing request: read ECONNRESET"}
{"level":"error","message":"Error processing request: read ECONNRESET"}
{"level":"error","message":"Error processing request: read ECONNRESET"}
{"level":"error","message":"Error processing request: read ECONNRESET"}
{"level":"error","message":"Error processing request: read ECONNRESET"}
{"level":"error","message":"Error processing request: read ECONNRESET"}
{"level":"error","message":"Error processing request: read ECONNRESET"}
{"level":"error","message":"Error processing request: read ECONNRESET"}
{"level":"info","message":"[21/11/2023, 17:16:43] Feature 'task' is not enabled for user Juan Diego"}
{"level":"info","message":"[21/11/2023, 17:16:43] Feature 'task' is not enabled for user Juan Diego"}
{"level":"info","message":"[21/11/2023, 17:16:43] Feature 'task' is enabled for user Juan Diego"}
{"level":"info","message":"[21/11/2023, 17:16:44] Feature 'task' is enabled for user Juan Diego"}
{"level":"info","message":"[21/11/2023, 17:16:44] Feature 'task' is not enabled for user Juan Diego"}
{"level":"info","message":"[21/11/2023, 17:16:44] Feature 'task' is not enabled for user Juan Diego"}
{"level":"info","message":"[21/11/2023, 17:16:44] Feature 'task' is not enabled for user Juan Diego"}
{"level":"info","message":"[21/11/2023, 17:16:44] Feature 'task' is not enabled for user Juan Diego"}
{"level":"info","message":"[21/11/2023, 17:16:44] Feature 'task' is enabled for user Juan Diego"}
{"level":"info","message":"[21/11/2023, 17:16:44] Feature 'task' is not enabled for user Juan Diego"}
{"level":"info","message":"[21/11/2023, 17:39:07] Feature 'task' is enabled for user Juan Diego"}
{"level":"info","message":"[21/11/2023, 17:42:05] Feature 'task' is not enabled for user Juan Diego"}
{"level":"info","message":"[21/11/2023, 17:42:21] Feature 'task' is enabled for user Juan Diego"}
{"level":"info","message":"[21/11/2023, 17:45:19] Feature 'task' is enabled for user Juan Diego"}
{"level":"error","message":"Error processing request: restaurante.filter is not a function"}
{"level":"info","message":"[21/11/2023, 17:48:54] Feature 'task' is enabled for user Juan Diego"}
{"level":"info","message":"[21/11/2023, 17:50:32] Feature 'task' is enabled for user Juan Diego"}
{"level":"info","message":"[21/11/2023, 17:58:04] Feature 'task' is enabled for user Juan Diego"}
{"level":"info","message":"[21/11/2023, 17:59:07] Feature 'task' is enabled for user Juan Diego"}
{"level":"info","message":"[21/11/2023, 18:03:05] Feature 'task' is enabled for user Juan Diego"}
{"level":"info","message":"[21/11/2023, 18:06:50] Feature 'task' is enabled for user Juan Diego"}
{"level":"error","message":"Error processing request: syntax error at or near \"Chifa\""}
{"level":"info","message":"[21/11/2023, 18:07:05] Feature 'task' is enabled for user Juan Diego"}
{"level":"error","message":"Error processing request: syntax error at or near \"$2\""}
{"level":"info","message":"[21/11/2023, 18:07:21] Feature 'task' is enabled for user Juan Diego"}
{"level":"info","message":"[21/11/2023, 18:07:41] Feature 'task' is enabled for user Juan Diego"}
{"level":"info","message":"[21/11/2023, 18:09:06] Feature 'task' is enabled for user Juan Diego"}
{"level":"info","message":"[21/11/2023, 18:09:23] Feature 'task' is enabled for user Juan Diego"}
{"level":"info","message":"[21/11/2023, 18:09:48] Feature 'task' is enabled for user Juan Diego"}
{"level":"info","message":"[21/11/2023, 18:10:00] Feature 'task' is enabled for user Juan Diego"}
{"level":"info","message":"[21/11/2023, 18:13:01] Feature 'task' is enabled for user Juan Diego"}
{"level":"info","message":"[21/11/2023, 18:13:01] Getting data of city lima from DataBase"}
{"level":"info","message":"[21/11/2023, 18:19:56] Feature 'task' is enabled for user Juan Diego"}
{"level":"info","message":"[21/11/2023, 18:19:56] Getting data of city lima from DataBase"}
{"level":"info","message":"[21/11/2023, 18:19:56] Feature 'task' is enabled for user Juan Diego"}
{"level":"info","message":"[21/11/2023, 18:19:56] Getting data of city lima from DataBase"}
{"level":"info","message":"[21/11/2023, 18:19:56] Feature 'task' is enabled for user Juan Diego"}
{"level":"info","message":"[21/11/2023, 18:19:56] Getting data of city lima from DataBase"}
{"level":"info","message":"[21/11/2023, 18:19:56] Feature 'task' is enabled for user Juan Diego"}
{"level":"info","message":"[21/11/2023, 18:19:56] Getting data of city lima from DataBase"}
{"level":"info","message":"[21/11/2023, 18:19:56] Feature 'task' is enabled for user Juan Diego"}
{"level":"info","message":"[21/11/2023, 18:19:56] Getting data of city lima from DataBase"}
{"level":"info","message":"[21/11/2023, 18:19:56] Feature 'task' is enabled for user Juan Diego"}
{"level":"info","message":"[21/11/2023, 18:19:56] Getting data of city lima from DataBase"}
{"level":"info","message":"[21/11/2023, 18:19:56] Feature 'task' is enabled for user Juan Diego"}
{"level":"info","message":"[21/11/2023, 18:19:56] Getting data of city lima from DataBase"}
{"level":"info","message":"[21/11/2023, 18:19:56] Feature 'task' is enabled for user Juan Diego"}
{"level":"info","message":"[21/11/2023, 18:19:56] Getting data of city lima from DataBase"}
{"level":"info","message":"[21/11/2023, 18:19:56] Feature 'task' is enabled for user Juan Diego"}
{"level":"info","message":"[21/11/2023, 18:19:56] Getting data of city lima from DataBase"}
{"level":"info","message":"[21/11/2023, 18:19:56] Feature 'task' is enabled for user Juan Diego"}
{"level":"info","message":"[21/11/2023, 18:19:56] Getting data of city lima from DataBase"}
{"level":"info","message":"[21/11/2023, 18:19:56] Feature 'task' is enabled for user Juan Diego"}
{"level":"info","message":"[21/11/2023, 18:19:56] Getting data of city lima from DataBase"}
{"level":"info","message":"[21/11/2023, 18:19:56] Feature 'task' is enabled for user Juan Diego"}
{"level":"info","message":"[21/11/2023, 18:19:56] Getting data of city lima from DataBase"}
{"level":"info","message":"[21/11/2023, 18:19:56] Feature 'task' is enabled for user Juan Diego"}
{"level":"info","message":"[21/11/2023, 18:19:56] Getting data of city lima from DataBase"}
{"level":"info","message":"[21/11/2023, 18:19:56] Feature 'task' is enabled for user Juan Diego"}
{"level":"info","message":"[21/11/2023, 18:19:56] Getting data of city lima from DataBase"}
{"level":"info","message":"[21/11/2023, 18:19:56] Feature 'task' is enabled for user Juan Diego"}
{"level":"info","message":"[21/11/2023, 18:19:56] Getting data of city lima from DataBase"}
{"level":"info","message":"[21/11/2023, 18:19:56] Feature 'task' is enabled for user Juan Diego"}
{"level":"info","message":"[21/11/2023, 18:19:56] Getting data of city lima from DataBase"}
{"level":"info","message":"[21/11/2023, 18:19:56] Feature 'task' is enabled for user Juan Diego"}
{"level":"info","message":"[21/11/2023, 18:19:56] Getting data of city lima from DataBase"}
{"level":"info","message":"[21/11/2023, 18:19:56] Feature 'task' is enabled for user Juan Diego"}
{"level":"info","message":"[21/11/2023, 18:19:56] Getting data of city lima from DataBase"}
{"level":"info","message":"[21/11/2023, 18:19:56] Feature 'task' is enabled for user Juan Diego"}
{"level":"info","message":"[21/11/2023, 18:19:56] Getting data of city lima from DataBase"}
{"level":"info","message":"[21/11/2023, 18:19:56] Feature 'task' is enabled for user Juan Diego"}
{"level":"info","message":"[21/11/2023, 18:19:56] Getting data of city lima from DataBase"}
{"level":"info","message":"[21/11/2023, 18:19:56] Feature 'task' is enabled for user Juan Diego"}
{"level":"info","message":"[21/11/2023, 18:19:56] Getting data of city lima from DataBase"}
{"level":"info","message":"[21/11/2023, 18:19:56] Feature 'task' is enabled for user Juan Diego"}
{"level":"info","message":"[21/11/2023, 18:19:56] Getting data of city lima from DataBase"}
{"level":"info","message":"[21/11/2023, 18:19:56] Feature 'task' is enabled for user Juan Diego"}
{"level":"info","message":"[21/11/2023, 18:19:56] Getting data of city lima from DataBase"}
{"level":"info","message":"[21/11/2023, 18:19:56] Feature 'task' is enabled for user Juan Diego"}
{"level":"info","message":"[21/11/2023, 18:19:56] Getting data of city lima from DataBase"}
{"level":"info","message":"[21/11/2023, 18:19:56] Feature 'task' is enabled for user Juan Diego"}
{"level":"info","message":"[21/11/2023, 18:19:56] Getting data of city lima from DataBase"}
{"level":"info","message":"[21/11/2023, 18:19:56] Feature 'task' is enabled for user Juan Diego"}
{"level":"info","message":"[21/11/2023, 18:19:56] Getting data of city lima from DataBase"}
{"level":"info","message":"[21/11/2023, 18:19:56] Feature 'task' is enabled for user Juan Diego"}
{"level":"info","message":"[21/11/2023, 18:19:56] Getting data of city lima from DataBase"}
{"level":"info","message":"[21/11/2023, 18:19:56] Feature 'task' is enabled for user Juan Diego"}
{"level":"info","message":"[21/11/2023, 18:19:56] Getting data of city lima from DataBase"}
{"level":"info","message":"[21/11/2023, 18:19:56] Feature 'task' is enabled for user Juan Diego"}
{"level":"info","message":"[21/11/2023, 18:19:56] Getting data of city lima from DataBase"}
{"level":"info","message":"[21/11/2023, 18:19:56] Feature 'task' is enabled for user Juan Diego"}
{"level":"info","message":"[21/11/2023, 18:19:56] Getting data of city lima from DataBase"}
{"level":"info","message":"[21/11/2023, 18:19:56] Feature 'task' is enabled for user Juan Diego"}
{"level":"info","message":"[21/11/2023, 18:19:56] Getting data of city lima from DataBase"}
{"level":"info","message":"[21/11/2023, 18:19:56] Feature 'task' is enabled for user Juan Diego"}
{"level":"info","message":"[21/11/2023, 18:19:56] Getting data of city lima from DataBase"}
{"level":"info","message":"[21/11/2023, 18:19:56] Feature 'task' is enabled for user Juan Diego"}
{"level":"info","message":"[21/11/2023, 18:19:56] Getting data of city lima from DataBase"}
{"level":"info","message":"[21/11/2023, 18:19:56] Feature 'task' is enabled for user Juan Diego"}
{"level":"info","message":"[21/11/2023, 18:19:56] Getting data of city lima from DataBase"}
{"level":"info","message":"[21/11/2023, 18:19:56] Feature 'task' is enabled for user Juan Diego"}
{"level":"info","message":"[21/11/2023, 18:19:56] Getting data of city lima from DataBase"}
{"level":"info","message":"[21/11/2023, 18:19:56] Feature 'task' is enabled for user Juan Diego"}
{"level":"info","message":"[21/11/2023, 18:19:56] Getting data of city lima from DataBase"}
{"level":"info","message":"[21/11/2023, 18:19:56] Feature 'task' is enabled for user Juan Diego"}
{"level":"info","message":"[21/11/2023, 18:19:56] Getting data of city lima from DataBase"}
{"level":"info","message":"[21/11/2023, 18:19:56] Feature 'task' is enabled for user Juan Diego"}
{"level":"info","message":"[21/11/2023, 18:19:56] Getting data of city lima from DataBase"}
{"level":"info","message":"[21/11/2023, 18:19:56] Feature 'task' is enabled for user Juan Diego"}
{"level":"info","message":"[21/11/2023, 18:19:56] Getting data of city lima from DataBase"}
{"level":"info","message":"[21/11/2023, 18:19:56] Feature 'task' is enabled for user Juan Diego"}
{"level":"info","message":"[21/11/2023, 18:19:56] Getting data of city lima from DataBase"}
{"level":"info","message":"[21/11/2023, 18:19:56] Feature 'task' is enabled for user Juan Diego"}
{"level":"info","message":"[21/11/2023, 18:19:56] Getting data of city lima from DataBase"}
{"level":"info","message":"[21/11/2023, 18:19:56] Feature 'task' is enabled for user Juan Diego"}
{"level":"info","message":"[21/11/2023, 18:19:56] Getting data of city lima from DataBase"}
{"level":"info","message":"[21/11/2023, 18:19:56] Feature 'task' is enabled for user Juan Diego"}
{"level":"info","message":"[21/11/2023, 18:19:56] Getting data of city lima from DataBase"}
{"level":"info","message":"[21/11/2023, 18:19:56] Feature 'task' is enabled for user Juan Diego"}
{"level":"info","message":"[21/11/2023, 18:19:56] Getting data of city lima from DataBase"}
{"level":"info","message":"[21/11/2023, 18:19:56] Feature 'task' is enabled for user Juan Diego"}
{"level":"info","message":"[21/11/2023, 18:19:56] Getting data of city lima from DataBase"}
{"level":"info","message":"[21/11/2023, 18:19:56] Feature 'task' is enabled for user Juan Diego"}
{"level":"info","message":"[21/11/2023, 18:19:56] Getting data of city lima from DataBase"}
{"level":"info","message":"[21/11/2023, 18:19:56] Feature 'task' is enabled for user Juan Diego"}
{"level":"info","message":"[21/11/2023, 18:19:56] Getting data of city lima from DataBase"}
{"level":"info","message":"[21/11/2023, 18:19:56] Feature 'task' is enabled for user Juan Diego"}
{"level":"info","message":"[21/11/2023, 18:19:56] Getting data of city lima from DataBase"}
{"level":"info","message":"[21/11/2023, 18:19:56] Feature 'task' is enabled for user Juan Diego"}
{"level":"info","message":"[21/11/2023, 18:19:56] Getting data of city lima from DataBase"}
{"level":"info","message":"[21/11/2023, 18:19:56] Feature 'task' is enabled for user Juan Diego"}
{"level":"info","message":"[21/11/2023, 18:19:56] Getting data of city lima from DataBase"}
{"level":"info","message":"[21/11/2023, 18:19:56] Feature 'task' is enabled for user Juan Diego"}
{"level":"info","message":"[21/11/2023, 18:19:56] Getting data of city lima from DataBase"}
{"level":"info","message":"[21/11/2023, 18:19:56] Feature 'task' is enabled for user Juan Diego"}
{"level":"info","message":"[21/11/2023, 18:19:56] Getting data of city lima from DataBase"}
{"level":"info","message":"[21/11/2023, 18:19:56] Feature 'task' is enabled for user Juan Diego"}
{"level":"info","message":"[21/11/2023, 18:19:56] Getting data of city lima from DataBase"}
{"level":"info","message":"[21/11/2023, 18:19:56] Feature 'task' is enabled for user Juan Diego"}
{"level":"info","message":"[21/11/2023, 18:19:56] Getting data of city lima from DataBase"}
{"level":"info","message":"[21/11/2023, 18:19:56] Feature 'task' is enabled for user Juan Diego"}
{"level":"info","message":"[21/11/2023, 18:19:56] Getting data of city lima from DataBase"}
{"level":"info","message":"[21/11/2023, 18:19:56] Feature 'task' is enabled for user Juan Diego"}
{"level":"info","message":"[21/11/2023, 18:19:56] Getting data of city lima from DataBase"}
{"level":"info","message":"[21/11/2023, 18:19:56] Feature 'task' is enabled for user Juan Diego"}
{"level":"info","message":"[21/11/2023, 18:19:56] Getting data of city lima from DataBase"}
{"level":"info","message":"[21/11/2023, 18:19:56] Feature 'task' is enabled for user Juan Diego"}
{"level":"info","message":"[21/11/2023, 18:19:56] Getting data of city lima from DataBase"}
{"level":"info","message":"[21/11/2023, 18:19:56] Feature 'task' is enabled for user Juan Diego"}
{"level":"info","message":"[21/11/2023, 18:19:56] Getting data of city lima from DataBase"}
{"level":"info","message":"[21/11/2023, 18:19:56] Feature 'task' is enabled for user Juan Diego"}
{"level":"info","message":"[21/11/2023, 18:19:56] Getting data of city lima from DataBase"}
{"level":"info","message":"[21/11/2023, 18:19:56] Feature 'task' is enabled for user Juan Diego"}
{"level":"info","message":"[21/11/2023, 18:19:56] Getting data of city lima from DataBase"}
{"level":"info","message":"[21/11/2023, 18:19:56] Feature 'task' is enabled for user Juan Diego"}
{"level":"info","message":"[21/11/2023, 18:19:56] Getting data of city lima from DataBase"}
{"level":"info","message":"[21/11/2023, 18:19:56] Feature 'task' is enabled for user Juan Diego"}
{"level":"info","message":"[21/11/2023, 18:19:56] Getting data of city lima from DataBase"}
{"level":"info","message":"[21/11/2023, 18:19:56] Feature 'task' is enabled for user Juan Diego"}
{"level":"info","message":"[21/11/2023, 18:19:56] Getting data of city lima from DataBase"}
{"level":"info","message":"[21/11/2023, 18:19:56] Feature 'task' is enabled for user Juan Diego"}
{"level":"info","message":"[21/11/2023, 18:19:56] Getting data of city lima from DataBase"}
{"level":"info","message":"[21/11/2023, 18:19:56] Feature 'task' is enabled for user Juan Diego"}
{"level":"info","message":"[21/11/2023, 18:19:56] Getting data of city lima from DataBase"}
{"level":"info","message":"[21/11/2023, 18:19:56] Feature 'task' is enabled for user Juan Diego"}
{"level":"info","message":"[21/11/2023, 18:19:56] Getting data of city lima from DataBase"}
{"level":"info","message":"[21/11/2023, 18:19:56] Feature 'task' is enabled for user Juan Diego"}
{"level":"info","message":"[21/11/2023, 18:19:56] Getting data of city lima from DataBase"}
{"level":"info","message":"[21/11/2023, 18:19:57] Feature 'task' is enabled for user Juan Diego"}
{"level":"info","message":"[21/11/2023, 18:19:57] Getting data of city lima from DataBase"}
{"level":"info","message":"[21/11/2023, 18:19:57] Feature 'task' is enabled for user Juan Diego"}
{"level":"info","message":"[21/11/2023, 18:19:57] Getting data of city lima from DataBase"}
{"level":"info","message":"[21/11/2023, 18:19:57] Feature 'task' is enabled for user Juan Diego"}
{"level":"info","message":"[21/11/2023, 18:19:57] Getting data of city lima from DataBase"}
{"level":"info","message":"[21/11/2023, 18:19:57] Feature 'task' is enabled for user Juan Diego"}
{"level":"info","message":"[21/11/2023, 18:19:57] Getting data of city lima from DataBase"}
{"level":"info","message":"[21/11/2023, 18:19:57] Feature 'task' is enabled for user Juan Diego"}
{"level":"info","message":"[21/11/2023, 18:19:57] Getting data of city lima from DataBase"}
{"level":"info","message":"[21/11/2023, 18:19:57] Feature 'task' is enabled for user Juan Diego"}
{"level":"info","message":"[21/11/2023, 18:19:57] Getting data of city lima from DataBase"}
{"level":"info","message":"[21/11/2023, 18:19:57] Feature 'task' is enabled for user Juan Diego"}
{"level":"info","message":"[21/11/2023, 18:19:57] Getting data of city lima from DataBase"}
{"level":"info","message":"[21/11/2023, 18:19:57] Feature 'task' is enabled for user Juan Diego"}
{"level":"info","message":"[21/11/2023, 18:19:57] Getting data of city lima from DataBase"}
{"level":"info","message":"[21/11/2023, 18:19:57] Feature 'task' is enabled for user Juan Diego"}
{"level":"info","message":"[21/11/2023, 18:19:57] Getting data of city lima from DataBase"}
{"level":"info","message":"[21/11/2023, 18:19:57] Feature 'task' is enabled for user Juan Diego"}
{"level":"info","message":"[21/11/2023, 18:19:57] Getting data of city lima from DataBase"}
{"level":"info","message":"[21/11/2023, 18:19:57] Feature 'task' is enabled for user Juan Diego"}
{"level":"info","message":"[21/11/2023, 18:19:57] Getting data of city lima from DataBase"}
{"level":"info","message":"[21/11/2023, 18:19:57] Feature 'task' is enabled for user Juan Diego"}
{"level":"info","message":"[21/11/2023, 18:19:57] Getting data of city lima from DataBase"}
{"level":"info","message":"[21/11/2023, 18:19:57] Feature 'task' is enabled for user Juan Diego"}
{"level":"info","message":"[21/11/2023, 18:19:57] Getting data of city lima from DataBase"}
{"level":"info","message":"[21/11/2023, 18:19:57] Feature 'task' is enabled for user Juan Diego"}
{"level":"info","message":"[21/11/2023, 18:19:57] Getting data of city lima from DataBase"}
{"level":"info","message":"[21/11/2023, 18:19:57] Feature 'task' is enabled for user Juan Diego"}
{"level":"info","message":"[21/11/2023, 18:19:57] Getting data of city lima from DataBase"}
{"level":"info","message":"[21/11/2023, 18:19:57] Feature 'task' is enabled for user Juan Diego"}
{"level":"info","message":"[21/11/2023, 18:19:57] Getting data of city lima from DataBase"}
{"level":"info","message":"[21/11/2023, 18:19:57] Feature 'task' is enabled for user Juan Diego"}
{"level":"info","message":"[21/11/2023, 18:19:57] Getting data of city lima from DataBase"}
{"level":"info","message":"[21/11/2023, 18:19:57] Feature 'task' is enabled for user Juan Diego"}
{"level":"info","message":"[21/11/2023, 18:19:57] Getting data of city lima from DataBase"}
{"level":"info","message":"[21/11/2023, 18:19:57] Feature 'task' is enabled for user Juan Diego"}
{"level":"info","message":"[21/11/2023, 18:19:57] Getting data of city lima from DataBase"}
{"level":"info","message":"[21/11/2023, 18:19:57] Feature 'task' is enabled for user Juan Diego"}
{"level":"info","message":"[21/11/2023, 18:19:57] Getting data of city lima from DataBase"}
{"level":"info","message":"[21/11/2023, 18:19:57] Feature 'task' is enabled for user Juan Diego"}
{"level":"info","message":"[21/11/2023, 18:19:57] Getting data of city lima from DataBase"}
{"level":"info","message":"[21/11/2023, 18:19:57] Feature 'task' is enabled for user Juan Diego"}
{"level":"info","message":"[21/11/2023, 18:19:57] Getting data of city lima from DataBase"}
{"level":"info","message":"[21/11/2023, 18:19:57] Feature 'task' is enabled for user Juan Diego"}
{"level":"info","message":"[21/11/2023, 18:19:57] Getting data of city lima from DataBase"}
{"level":"info","message":"[21/11/2023, 18:19:57] Feature 'task' is enabled for user Juan Diego"}
{"level":"info","message":"[21/11/2023, 18:19:57] Getting data of city lima from DataBase"}
{"level":"info","message":"[21/11/2023, 18:19:57] Feature 'task' is enabled for user Juan Diego"}
{"level":"info","message":"[21/11/2023, 18:19:57] Getting data of city lima from DataBase"}
{"level":"info","message":"[21/11/2023, 18:19:57] Feature 'task' is enabled for user Juan Diego"}
{"level":"info","message":"[21/11/2023, 18:19:57] Getting data of city lima from DataBase"}
{"level":"info","message":"[21/11/2023, 18:19:57] Feature 'task' is enabled for user Juan Diego"}
{"level":"info","message":"[21/11/2023, 18:19:57] Getting data of city lima from DataBase"}
{"level":"info","message":"[21/11/2023, 18:19:57] Feature 'task' is enabled for user Juan Diego"}
{"level":"info","message":"[21/11/2023, 18:19:57] Getting data of city lima from DataBase"}
{"level":"info","message":"[21/11/2023, 18:19:57] Feature 'task' is enabled for user Juan Diego"}
{"level":"info","message":"[21/11/2023, 18:19:57] Getting data of city lima from DataBase"}
{"level":"info","message":"[21/11/2023, 18:19:57] Feature 'task' is enabled for user Juan Diego"}
{"level":"info","message":"[21/11/2023, 18:19:57] Getting data of city lima from DataBase"}
{"level":"info","message":"[21/11/2023, 18:19:57] Feature 'task' is enabled for user Juan Diego"}
{"level":"info","message":"[21/11/2023, 18:19:57] Getting data of city lima from DataBase"}
{"level":"info","message":"[21/11/2023, 18:19:57] Feature 'task' is enabled for user Juan Diego"}
{"level":"info","message":"[21/11/2023, 18:19:57] Getting data of city lima from DataBase"}
{"level":"info","message":"[21/11/2023, 18:33:46] Feature 'task' is enabled for user Juan Diego"}
{"level":"info","message":"[21/11/2023, 18:33:46] Getting data of city lima from DataBase"}
{"level":"info","message":"[21/11/2023, 18:33:46] Feature 'task' is enabled for user Juan Diego"}
{"level":"info","message":"[21/11/2023, 18:33:46] Getting data of city lima from DataBase"}
{"level":"info","message":"[21/11/2023, 18:33:46] Feature 'task' is enabled for user Juan Diego"}
{"level":"info","message":"[21/11/2023, 18:33:46] Getting data of city lima from DataBase"}
{"level":"info","message":"[21/11/2023, 18:33:46] Feature 'task' is enabled for user Juan Diego"}
{"level":"info","message":"[21/11/2023, 18:33:46] Getting data of city lima from DataBase"}
{"level":"info","message":"[21/11/2023, 18:33:46] Feature 'task' is enabled for user Juan Diego"}
{"level":"info","message":"[21/11/2023, 18:33:46] Getting data of city lima from DataBase"}
{"level":"info","message":"[21/11/2023, 18:33:46] Feature 'task' is enabled for user Juan Diego"}
{"level":"info","message":"[21/11/2023, 18:33:46] Getting data of city lima from DataBase"}
{"level":"info","message":"[21/11/2023, 18:33:46] Feature 'task' is enabled for user Juan Diego"}
{"level":"info","message":"[21/11/2023, 18:33:46] Getting data of city lima from DataBase"}
{"level":"info","message":"[21/11/2023, 18:33:46] Feature 'task' is enabled for user Juan Diego"}
{"level":"info","message":"[21/11/2023, 18:33:46] Getting data of city lima from DataBase"}
{"level":"info","message":"[21/11/2023, 18:33:46] Feature 'task' is enabled for user Juan Diego"}
{"level":"info","message":"[21/11/2023, 18:33:46] Getting data of city lima from DataBase"}
{"level":"info","message":"[21/11/2023, 18:33:46] Feature 'task' is enabled for user Juan Diego"}
{"level":"info","message":"[21/11/2023, 18:33:46] Getting data of city lima from DataBase"}
{"level":"info","message":"[21/11/2023, 18:33:46] Feature 'task' is enabled for user Juan Diego"}
{"level":"info","message":"[21/11/2023, 18:33:46] Getting data of city lima from DataBase"}
{"level":"info","message":"[21/11/2023, 18:33:46] Feature 'task' is enabled for user Juan Diego"}
{"level":"info","message":"[21/11/2023, 18:33:46] Getting data of city lima from DataBase"}
{"level":"info","message":"[21/11/2023, 18:33:46] Feature 'task' is enabled for user Juan Diego"}
{"level":"info","message":"[21/11/2023, 18:33:46] Getting data of city lima from DataBase"}
{"level":"info","message":"[21/11/2023, 18:33:46] Feature 'task' is enabled for user Juan Diego"}
{"level":"info","message":"[21/11/2023, 18:33:46] Getting data of city lima from DataBase"}
{"level":"info","message":"[21/11/2023, 18:33:46] Feature 'task' is enabled for user Juan Diego"}
{"level":"info","message":"[21/11/2023, 18:33:46] Getting data of city lima from DataBase"}
{"level":"info","message":"[21/11/2023, 18:33:46] Feature 'task' is enabled for user Juan Diego"}
{"level":"info","message":"[21/11/2023, 18:33:46] Getting data of city lima from DataBase"}
{"level":"info","message":"[21/11/2023, 18:33:46] Feature 'task' is enabled for user Juan Diego"}
{"level":"info","message":"[21/11/2023, 18:33:46] Getting data of city lima from DataBase"}
{"level":"info","message":"[21/11/2023, 18:33:46] Feature 'task' is enabled for user Juan Diego"}
{"level":"info","message":"[21/11/2023, 18:33:46] Getting data of city lima from DataBase"}
{"level":"info","message":"[21/11/2023, 18:33:46] Feature 'task' is enabled for user Juan Diego"}
{"level":"info","message":"[21/11/2023, 18:33:46] Getting data of city lima from DataBase"}
{"level":"info","message":"[21/11/2023, 18:33:46] Feature 'task' is enabled for user Juan Diego"}
{"level":"info","message":"[21/11/2023, 18:33:46] Getting data of city lima from DataBase"}
{"level":"info","message":"[21/11/2023, 18:33:46] Feature 'task' is enabled for user Juan Diego"}
{"level":"info","message":"[21/11/2023, 18:33:46] Getting data of city lima from DataBase"}
{"level":"info","message":"[21/11/2023, 18:33:46] Feature 'task' is enabled for user Juan Diego"}
{"level":"info","message":"[21/11/2023, 18:33:46] Getting data of city lima from DataBase"}
{"level":"info","message":"[21/11/2023, 18:33:47] Feature 'task' is enabled for user Juan Diego"}
{"level":"info","message":"[21/11/2023, 18:33:47] Getting data of city lima from DataBase"}
{"level":"info","message":"[21/11/2023, 18:33:47] Feature 'task' is enabled for user Juan Diego"}
{"level":"info","message":"[21/11/2023, 18:33:47] Getting data of city lima from DataBase"}
{"level":"info","message":"[21/11/2023, 18:33:47] Feature 'task' is enabled for user Juan Diego"}
{"level":"info","message":"[21/11/2023, 18:33:47] Getting data of city lima from DataBase"}
{"level":"info","message":"[21/11/2023, 18:33:47] Feature 'task' is enabled for user Juan Diego"}
{"level":"info","message":"[21/11/2023, 18:33:47] Getting data of city lima from DataBase"}
{"level":"info","message":"[21/11/2023, 18:33:47] Feature 'task' is enabled for user Juan Diego"}
{"level":"info","message":"[21/11/2023, 18:33:47] Getting data of city lima from DataBase"}
{"level":"info","message":"[21/11/2023, 18:33:47] Feature 'task' is enabled for user Juan Diego"}
{"level":"info","message":"[21/11/2023, 18:33:47] Getting data of city lima from DataBase"}
{"level":"info","message":"[21/11/2023, 18:33:47] Feature 'task' is enabled for user Juan Diego"}
{"level":"info","message":"[21/11/2023, 18:33:47] Getting data of city lima from DataBase"}
{"level":"info","message":"[21/11/2023, 18:33:47] Feature 'task' is enabled for user Juan Diego"}
{"level":"info","message":"[21/11/2023, 18:33:47] Getting data of city lima from DataBase"}
{"level":"info","message":"[21/11/2023, 18:33:47] Feature 'task' is enabled for user Juan Diego"}
{"level":"info","message":"[21/11/2023, 18:33:47] Getting data of city lima from DataBase"}
{"level":"info","message":"[21/11/2023, 18:33:47] Feature 'task' is enabled for user Juan Diego"}
{"level":"info","message":"[21/11/2023, 18:33:47] Getting data of city lima from DataBase"}
{"level":"info","message":"[21/11/2023, 18:33:47] Feature 'task' is enabled for user Juan Diego"}
{"level":"info","message":"[21/11/2023, 18:33:47] Getting data of city lima from DataBase"}
{"level":"info","message":"[21/11/2023, 18:33:47] Feature 'task' is enabled for user Juan Diego"}
{"level":"info","message":"[21/11/2023, 18:33:47] Getting data of city lima from DataBase"}
{"level":"info","message":"[21/11/2023, 18:33:47] Feature 'task' is enabled for user Juan Diego"}
{"level":"info","message":"[21/11/2023, 18:33:47] Getting data of city lima from DataBase"}
{"level":"info","message":"[21/11/2023, 18:33:47] Feature 'task' is enabled for user Juan Diego"}
{"level":"info","message":"[21/11/2023, 18:33:47] Getting data of city lima from DataBase"}
{"level":"info","message":"[21/11/2023, 18:33:47] Feature 'task' is enabled for user Juan Diego"}
{"level":"info","message":"[21/11/2023, 18:33:47] Getting data of city lima from DataBase"}
{"level":"info","message":"[21/11/2023, 18:33:47] Feature 'task' is enabled for user Juan Diego"}
{"level":"info","message":"[21/11/2023, 18:33:47] Getting data of city lima from DataBase"}
{"level":"info","message":"[21/11/2023, 18:33:47] Feature 'task' is enabled for user Juan Diego"}
{"level":"info","message":"[21/11/2023, 18:33:47] Getting data of city lima from DataBase"}
{"level":"info","message":"[21/11/2023, 18:33:47] Feature 'task' is enabled for user Juan Diego"}
{"level":"info","message":"[21/11/2023, 18:33:47] Getting data of city lima from DataBase"}
{"level":"info","message":"[21/11/2023, 18:33:47] Feature 'task' is enabled for user Juan Diego"}
{"level":"info","message":"[21/11/2023, 18:33:47] Getting data of city lima from DataBase"}
{"level":"info","message":"[21/11/2023, 18:33:47] Feature 'task' is enabled for user Juan Diego"}
{"level":"info","message":"[21/11/2023, 18:33:47] Getting data of city lima from DataBase"}
{"level":"info","message":"[21/11/2023, 18:33:47] Feature 'task' is enabled for user Juan Diego"}
{"level":"info","message":"[21/11/2023, 18:33:47] Getting data of city lima from DataBase"}
{"level":"info","message":"[21/11/2023, 18:33:47] Feature 'task' is enabled for user Juan Diego"}
{"level":"info","message":"[21/11/2023, 18:33:47] Getting data of city lima from DataBase"}
{"level":"info","message":"[21/11/2023, 18:33:47] Feature 'task' is enabled for user Juan Diego"}
{"level":"info","message":"[21/11/2023, 18:33:47] Getting data of city lima from DataBase"}
{"level":"info","message":"[21/11/2023, 18:33:47] Feature 'task' is enabled for user Juan Diego"}
{"level":"info","message":"[21/11/2023, 18:33:47] Getting data of city lima from DataBase"}
{"level":"info","message":"[21/11/2023, 18:33:47] Feature 'task' is enabled for user Juan Diego"}
{"level":"info","message":"[21/11/2023, 18:33:47] Getting data of city lima from DataBase"}
{"level":"info","message":"[21/11/2023, 18:33:47] Feature 'task' is enabled for user Juan Diego"}
{"level":"info","message":"[21/11/2023, 18:33:47] Getting data of city lima from DataBase"}
{"level":"info","message":"[21/11/2023, 18:33:47] Feature 'task' is enabled for user Juan Diego"}
{"level":"info","message":"[21/11/2023, 18:33:47] Getting data of city lima from DataBase"}
{"level":"info","message":"[21/11/2023, 18:33:47] Feature 'task' is enabled for user Juan Diego"}
{"level":"info","message":"[21/11/2023, 18:33:47] Getting data of city lima from DataBase"}
{"level":"info","message":"[21/11/2023, 18:33:47] Feature 'task' is enabled for user Juan Diego"}
{"level":"info","message":"[21/11/2023, 18:33:47] Getting data of city lima from DataBase"}
{"level":"info","message":"[21/11/2023, 18:33:47] Feature 'task' is enabled for user Juan Diego"}
{"level":"info","message":"[21/11/2023, 18:33:47] Getting data of city lima from DataBase"}
{"level":"info","message":"[21/11/2023, 18:33:47] Feature 'task' is enabled for user Juan Diego"}
{"level":"info","message":"[21/11/2023, 18:33:47] Getting data of city lima from DataBase"}
{"level":"info","message":"[21/11/2023, 18:33:47] Feature 'task' is enabled for user Juan Diego"}
{"level":"info","message":"[21/11/2023, 18:33:47] Getting data of city lima from DataBase"}
{"level":"info","message":"[21/11/2023, 18:33:47] Feature 'task' is enabled for user Juan Diego"}
{"level":"info","message":"[21/11/2023, 18:33:47] Getting data of city lima from DataBase"}
{"level":"info","message":"[21/11/2023, 18:33:47] Feature 'task' is enabled for user Juan Diego"}
{"level":"info","message":"[21/11/2023, 18:33:47] Getting data of city lima from DataBase"}
{"level":"info","message":"[21/11/2023, 18:33:47] Feature 'task' is enabled for user Juan Diego"}
{"level":"info","message":"[21/11/2023, 18:33:47] Getting data of city lima from DataBase"}
{"level":"info","message":"[21/11/2023, 18:33:47] Feature 'task' is enabled for user Juan Diego"}
{"level":"info","message":"[21/11/2023, 18:33:47] Getting data of city lima from DataBase"}
{"level":"info","message":"[21/11/2023, 18:33:47] Feature 'task' is enabled for user Juan Diego"}
{"level":"info","message":"[21/11/2023, 18:33:47] Getting data of city lima from DataBase"}
{"level":"info","message":"[21/11/2023, 18:33:47] Feature 'task' is enabled for user Juan Diego"}
{"level":"info","message":"[21/11/2023, 18:33:47] Getting data of city lima from DataBase"}
{"level":"info","message":"[21/11/2023, 18:33:47] Feature 'task' is enabled for user Juan Diego"}
{"level":"info","message":"[21/11/2023, 18:33:47] Getting data of city lima from DataBase"}
{"level":"info","message":"[21/11/2023, 18:33:47] Feature 'task' is enabled for user Juan Diego"}
{"level":"info","message":"[21/11/2023, 18:33:47] Getting data of city lima from DataBase"}
{"level":"info","message":"[21/11/2023, 18:33:47] Feature 'task' is enabled for user Juan Diego"}
{"level":"info","message":"[21/11/2023, 18:33:47] Getting data of city lima from DataBase"}
{"level":"info","message":"[21/11/2023, 18:33:47] Feature 'task' is enabled for user Juan Diego"}
{"level":"info","message":"[21/11/2023, 18:33:47] Getting data of city lima from DataBase"}
{"level":"info","message":"[21/11/2023, 18:33:47] Feature 'task' is enabled for user Juan Diego"}
{"level":"info","message":"[21/11/2023, 18:33:47] Getting data of city lima from DataBase"}
{"level":"info","message":"[21/11/2023, 18:33:47] Feature 'task' is enabled for user Juan Diego"}
{"level":"info","message":"[21/11/2023, 18:33:47] Getting data of city lima from DataBase"}
{"level":"info","message":"[21/11/2023, 18:33:47] Feature 'task' is enabled for user Juan Diego"}
{"level":"info","message":"[21/11/2023, 18:33:47] Getting data of city lima from DataBase"}
{"level":"info","message":"[21/11/2023, 18:33:47] Feature 'task' is enabled for user Juan Diego"}
{"level":"info","message":"[21/11/2023, 18:33:47] Getting data of city lima from DataBase"}
{"level":"info","message":"[21/11/2023, 18:33:47] Feature 'task' is enabled for user Juan Diego"}
{"level":"info","message":"[21/11/2023, 18:33:47] Getting data of city lima from DataBase"}
{"level":"info","message":"[21/11/2023, 18:33:47] Feature 'task' is enabled for user Juan Diego"}
{"level":"info","message":"[21/11/2023, 18:33:47] Getting data of city lima from DataBase"}
{"level":"info","message":"[21/11/2023, 18:33:47] Feature 'task' is enabled for user Juan Diego"}
{"level":"info","message":"[21/11/2023, 18:33:47] Getting data of city lima from DataBase"}
{"level":"info","message":"[21/11/2023, 18:33:47] Feature 'task' is enabled for user Juan Diego"}
{"level":"info","message":"[21/11/2023, 18:33:47] Getting data of city lima from DataBase"}
{"level":"info","message":"[21/11/2023, 18:33:47] Feature 'task' is enabled for user Juan Diego"}
{"level":"info","message":"[21/11/2023, 18:33:47] Getting data of city lima from DataBase"}
{"level":"info","message":"[21/11/2023, 18:33:47] Feature 'task' is enabled for user Juan Diego"}
{"level":"info","message":"[21/11/2023, 18:33:47] Getting data of city lima from DataBase"}
{"level":"info","message":"[21/11/2023, 18:33:47] Feature 'task' is enabled for user Juan Diego"}
{"level":"info","message":"[21/11/2023, 18:33:47] Getting data of city lima from DataBase"}
{"level":"info","message":"[21/11/2023, 18:33:47] Feature 'task' is enabled for user Juan Diego"}
{"level":"info","message":"[21/11/2023, 18:33:47] Getting data of city lima from DataBase"}
{"level":"info","message":"[21/11/2023, 18:33:47] Feature 'task' is enabled for user Juan Diego"}
{"level":"info","message":"[21/11/2023, 18:33:47] Getting data of city lima from DataBase"}
{"level":"info","message":"[21/11/2023, 18:33:47] Feature 'task' is enabled for user Juan Diego"}
{"level":"info","message":"[21/11/2023, 18:33:47] Getting data of city lima from DataBase"}
{"level":"info","message":"[21/11/2023, 18:33:47] Feature 'task' is enabled for user Juan Diego"}
{"level":"info","message":"[21/11/2023, 18:33:47] Getting data of city lima from DataBase"}
{"level":"info","message":"[21/11/2023, 18:33:47] Feature 'task' is enabled for user Juan Diego"}
{"level":"info","message":"[21/11/2023, 18:33:47] Getting data of city lima from DataBase"}
{"level":"info","message":"[21/11/2023, 18:33:47] Feature 'task' is enabled for user Juan Diego"}
{"level":"info","message":"[21/11/2023, 18:33:47] Getting data of city lima from DataBase"}
{"level":"info","message":"[21/11/2023, 18:33:47] Feature 'task' is enabled for user Juan Diego"}
{"level":"info","message":"[21/11/2023, 18:33:47] Getting data of city lima from DataBase"}
{"level":"info","message":"[21/11/2023, 18:33:47] Feature 'task' is enabled for user Juan Diego"}
{"level":"info","message":"[21/11/2023, 18:33:47] Getting data of city lima from DataBase"}
{"level":"info","message":"[21/11/2023, 18:33:47] Feature 'task' is enabled for user Juan Diego"}
{"level":"info","message":"[21/11/2023, 18:33:47] Getting data of city lima from DataBase"}
{"level":"info","message":"[21/11/2023, 18:33:47] Feature 'task' is enabled for user Juan Diego"}
{"level":"info","message":"[21/11/2023, 18:33:47] Getting data of city lima from DataBase"}
{"level":"info","message":"[21/11/2023, 18:33:47] Feature 'task' is enabled for user Juan Diego"}
{"level":"info","message":"[21/11/2023, 18:33:47] Getting data of city lima from DataBase"}
{"level":"info","message":"[21/11/2023, 18:33:47] Feature 'task' is enabled for user Juan Diego"}
{"level":"info","message":"[21/11/2023, 18:33:47] Getting data of city lima from DataBase"}
{"level":"info","message":"[21/11/2023, 18:33:47] Feature 'task' is enabled for user Juan Diego"}
{"level":"info","message":"[21/11/2023, 18:33:47] Getting data of city lima from DataBase"}
{"level":"info","message":"[21/11/2023, 18:33:47] Feature 'task' is enabled for user Juan Diego"}
{"level":"info","message":"[21/11/2023, 18:33:47] Getting data of city lima from DataBase"}
{"level":"info","message":"[21/11/2023, 18:33:47] Feature 'task' is enabled for user Juan Diego"}
{"level":"info","message":"[21/11/2023, 18:33:47] Getting data of city lima from DataBase"}
{"level":"info","message":"[21/11/2023, 18:33:47] Feature 'task' is enabled for user Juan Diego"}
{"level":"info","message":"[21/11/2023, 18:33:47] Getting data of city lima from DataBase"}
{"level":"info","message":"[21/11/2023, 18:33:47] Feature 'task' is enabled for user Juan Diego"}
{"level":"info","message":"[21/11/2023, 18:33:47] Getting data of city lima from DataBase"}
{"level":"info","message":"[21/11/2023, 18:33:47] Feature 'task' is enabled for user Juan Diego"}
{"level":"info","message":"[21/11/2023, 18:33:47] Getting data of city lima from DataBase"}
{"level":"info","message":"[21/11/2023, 18:33:47] Feature 'task' is enabled for user Juan Diego"}
{"level":"info","message":"[21/11/2023, 18:33:47] Getting data of city lima from DataBase"}
{"level":"info","message":"[21/11/2023, 18:33:47] Feature 'task' is enabled for user Juan Diego"}
{"level":"info","message":"[21/11/2023, 18:33:47] Getting data of city lima from DataBase"}
{"level":"info","message":"[21/11/2023, 18:33:47] Feature 'task' is enabled for user Juan Diego"}
{"level":"info","message":"[21/11/2023, 18:33:47] Getting data of city lima from DataBase"}
{"level":"info","message":"[21/11/2023, 18:33:47] Feature 'task' is enabled for user Juan Diego"}
{"level":"info","message":"[21/11/2023, 18:33:47] Getting data of city lima from DataBase"}
{"level":"info","message":"[21/11/2023, 18:33:47] Feature 'task' is enabled for user Juan Diego"}
{"level":"info","message":"[21/11/2023, 18:33:47] Getting data of city lima from DataBase"}
{"level":"info","message":"[21/11/2023, 18:33:47] Feature 'task' is enabled for user Juan Diego"}
{"level":"info","message":"[21/11/2023, 18:33:47] Getting data of city lima from DataBase"}
{"level":"info","message":"[21/11/2023, 18:33:47] Feature 'task' is enabled for user Juan Diego"}
{"level":"info","message":"[21/11/2023, 18:33:47] Getting data of city lima from DataBase"}
{"level":"info","message":"[21/11/2023, 18:48:17] Feature 'task' is not enabled for user Santiago"}
{"level":"info","message":"[21/11/2023, 18:48:20] Feature 'task' is not enabled for user Victor"}
{"level":"info","message":"[21/11/2023, 18:54:26] Feature 'task' is enabled for user Juan Diego"}
{"level":"info","message":"[21/11/2023, 18:54:26] Inserting city lima in DataBase"}
{"level":"info","message":"[21/11/2023, 18:54:39] Feature 'task' is not enabled for user Juan Diego"}
{"level":"info","message":"[21/11/2023, 18:54:39] Feature 'task' is not enabled for user Juan Diego"}
{"level":"info","message":"[21/11/2023, 18:54:39] Feature 'task' is not enabled for user Juan Diego"}
{"level":"info","message":"[21/11/2023, 18:54:39] Feature 'task' is not enabled for user Juan Diego"}
{"level":"info","message":"[21/11/2023, 18:54:39] Feature 'task' is enabled for user Juan Diego"}
{"level":"info","message":"[21/11/2023, 18:54:39] Inserting city lima in DataBase"}
{"level":"info","message":"[21/11/2023, 18:54:39] Feature 'task' is not enabled for user Juan Diego"}
{"level":"info","message":"[21/11/2023, 18:54:39] Feature 'task' is not enabled for user Juan Diego"}
{"level":"info","message":"[21/11/2023, 18:54:39] Feature 'task' is enabled for user Juan Diego"}
{"level":"info","message":"[21/11/2023, 18:54:39] Inserting city lima in DataBase"}
{"level":"info","message":"[21/11/2023, 18:54:39] Feature 'task' is enabled for user Juan Diego"}
{"level":"info","message":"[21/11/2023, 18:54:39] Inserting city lima in DataBase"}
{"level":"info","message":"[21/11/2023, 18:54:39] Feature 'task' is not enabled for user Juan Diego"}
{"level":"info","message":"[21/11/2023, 18:54:39] Feature 'task' is not enabled for user Juan Diego"}
{"level":"info","message":"[21/11/2023, 18:54:39] Feature 'task' is not enabled for user Juan Diego"}
{"level":"info","message":"[21/11/2023, 18:54:39] Feature 'task' is not enabled for user Juan Diego"}
{"level":"info","message":"[21/11/2023, 18:54:39] Feature 'task' is not enabled for user Juan Diego"}
{"level":"info","message":"[21/11/2023, 18:54:39] Feature 'task' is not enabled for user Juan Diego"}
{"level":"info","message":"[21/11/2023, 18:54:39] Feature 'task' is not enabled for user Juan Diego"}
{"level":"info","message":"[21/11/2023, 18:54:39] Feature 'task' is enabled for user Juan Diego"}
{"level":"info","message":"[21/11/2023, 18:54:39] Inserting city lima in DataBase"}
{"level":"info","message":"[21/11/2023, 18:54:39] Feature 'task' is not enabled for user Juan Diego"}
{"level":"info","message":"[21/11/2023, 18:54:39] Feature 'task' is not enabled for user Juan Diego"}
{"level":"info","message":"[21/11/2023, 18:54:39] Feature 'task' is not enabled for user Juan Diego"}
{"level":"info","message":"[21/11/2023, 18:54:39] Feature 'task' is not enabled for user Juan Diego"}
{"level":"info","message":"[21/11/2023, 18:54:39] Feature 'task' is not enabled for user Juan Diego"}
{"level":"info","message":"[21/11/2023, 18:54:39] Feature 'task' is enabled for user Juan Diego"}
{"level":"info","message":"[21/11/2023, 18:54:39] Inserting city lima in DataBase"}
{"level":"info","message":"[21/11/2023, 18:54:39] Feature 'task' is not enabled for user Juan Diego"}
{"level":"info","message":"[21/11/2023, 18:54:39] Feature 'task' is enabled for user Juan Diego"}
{"level":"info","message":"[21/11/2023, 18:54:39] Inserting city lima in DataBase"}
{"level":"info","message":"[21/11/2023, 18:54:39] Feature 'task' is enabled for user Juan Diego"}
{"level":"info","message":"[21/11/2023, 18:54:39] Inserting city lima in DataBase"}
{"level":"info","message":"[21/11/2023, 18:54:39] Feature 'task' is enabled for user Juan Diego"}
{"level":"info","message":"[21/11/2023, 18:54:39] Inserting city lima in DataBase"}
{"level":"info","message":"[21/11/2023, 18:54:39] Feature 'task' is enabled for user Juan Diego"}
{"level":"info","message":"[21/11/2023, 18:54:39] Inserting city lima in DataBase"}
{"level":"info","message":"[21/11/2023, 18:54:39] Feature 'task' is not enabled for user Juan Diego"}
{"level":"info","message":"[21/11/2023, 18:54:39] Feature 'task' is not enabled for user Juan Diego"}
{"level":"info","message":"[21/11/2023, 18:54:39] Feature 'task' is enabled for user Juan Diego"}
{"level":"info","message":"[21/11/2023, 18:54:39] Inserting city lima in DataBase"}
{"level":"info","message":"[21/11/2023, 18:54:40] Feature 'task' is not enabled for user Juan Diego"}
{"level":"info","message":"[21/11/2023, 18:54:40] Feature 'task' is not enabled for user Juan Diego"}
{"level":"info","message":"[21/11/2023, 18:54:40] Feature 'task' is enabled for user Juan Diego"}
{"level":"info","message":"[21/11/2023, 18:54:40] Inserting city lima in DataBase"}
{"level":"info","message":"[21/11/2023, 18:54:40] Feature 'task' is not enabled for user Juan Diego"}
{"level":"info","message":"[21/11/2023, 18:54:40] Feature 'task' is not enabled for user Juan Diego"}
{"level":"info","message":"[21/11/2023, 18:54:40] Feature 'task' is enabled for user Juan Diego"}
{"level":"info","message":"[21/11/2023, 18:54:40] Inserting city lima in DataBase"}
{"level":"info","message":"[21/11/2023, 18:54:40] Feature 'task' is not enabled for user Juan Diego"}
{"level":"info","message":"[21/11/2023, 18:54:40] Feature 'task' is not enabled for user Juan Diego"}
{"level":"info","message":"[21/11/2023, 18:54:40] Feature 'task' is enabled for user Juan Diego"}
{"level":"info","message":"[21/11/2023, 18:54:40] Inserting city lima in DataBase"}
{"level":"info","message":"[21/11/2023, 18:54:40] Feature 'task' is not enabled for user Juan Diego"}
{"level":"info","message":"[21/11/2023, 18:54:40] Feature 'task' is not enabled for user Juan Diego"}
{"level":"info","message":"[21/11/2023, 18:54:40] Feature 'task' is not enabled for user Juan Diego"}
{"level":"info","message":"[21/11/2023, 18:54:40] Feature 'task' is not enabled for user Juan Diego"}
{"level":"info","message":"[21/11/2023, 18:54:40] Feature 'task' is not enabled for user Juan Diego"}
{"level":"info","message":"[21/11/2023, 18:54:40] Feature 'task' is enabled for user Juan Diego"}
{"level":"info","message":"[21/11/2023, 18:54:40] Inserting city lima in DataBase"}
{"level":"info","message":"[21/11/2023, 18:54:40] Feature 'task' is not enabled for user Juan Diego"}
{"level":"info","message":"[21/11/2023, 18:54:40] Feature 'task' is not enabled for user Juan Diego"}
{"level":"info","message":"[21/11/2023, 18:54:40] Feature 'task' is not enabled for user Juan Diego"}
{"level":"info","message":"[21/11/2023, 18:54:40] Feature 'task' is not enabled for user Juan Diego"}
{"level":"info","message":"[21/11/2023, 18:54:40] Feature 'task' is not enabled for user Juan Diego"}
{"level":"info","message":"[21/11/2023, 18:54:40] Feature 'task' is enabled for user Juan Diego"}
{"level":"info","message":"[21/11/2023, 18:54:40] Inserting city lima in DataBase"}
{"level":"info","message":"[21/11/2023, 18:54:40] Feature 'task' is not enabled for user Juan Diego"}
{"level":"info","message":"[21/11/2023, 18:54:40] Feature 'task' is enabled for user Juan Diego"}
{"level":"info","message":"[21/11/2023, 18:54:40] Inserting city lima in DataBase"}
{"level":"info","message":"[21/11/2023, 18:54:40] Feature 'task' is not enabled for user Juan Diego"}
{"level":"info","message":"[21/11/2023, 18:54:40] Feature 'task' is not enabled for user Juan Diego"}
{"level":"info","message":"[21/11/2023, 18:54:40] Feature 'task' is not enabled for user Juan Diego"}
{"level":"info","message":"[21/11/2023, 18:54:40] Feature 'task' is enabled for user Juan Diego"}
{"level":"info","message":"[21/11/2023, 18:54:40] Inserting city lima in DataBase"}
{"level":"info","message":"[21/11/2023, 18:54:40] Feature 'task' is not enabled for user Juan Diego"}
{"level":"info","message":"[21/11/2023, 18:54:40] Feature 'task' is not enabled for user Juan Diego"}
{"level":"info","message":"[21/11/2023, 18:54:40] Feature 'task' is not enabled for user Juan Diego"}
{"level":"info","message":"[21/11/2023, 18:54:40] Feature 'task' is not enabled for user Juan Diego"}
{"level":"info","message":"[21/11/2023, 18:54:40] Feature 'task' is not enabled for user Juan Diego"}
{"level":"info","message":"[21/11/2023, 18:54:40] Feature 'task' is not enabled for user Juan Diego"}
{"level":"info","message":"[21/11/2023, 18:54:40] Feature 'task' is enabled for user Juan Diego"}
{"level":"info","message":"[21/11/2023, 18:54:40] Inserting city lima in DataBase"}
{"level":"info","message":"[21/11/2023, 18:54:40] Feature 'task' is not enabled for user Juan Diego"}
{"level":"info","message":"[21/11/2023, 18:54:40] Feature 'task' is not enabled for user Juan Diego"}
{"level":"info","message":"[21/11/2023, 18:54:40] Feature 'task' is not enabled for user Juan Diego"}
{"level":"info","message":"[21/11/2023, 18:54:40] Feature 'task' is enabled for user Juan Diego"}
{"level":"info","message":"[21/11/2023, 18:54:40] Inserting city lima in DataBase"}
{"level":"info","message":"[21/11/2023, 18:54:40] Feature 'task' is not enabled for user Juan Diego"}
{"level":"info","message":"[21/11/2023, 18:54:40] Feature 'task' is not enabled for user Juan Diego"}
{"level":"info","message":"[21/11/2023, 18:54:40] Feature 'task' is not enabled for user Juan Diego"}
{"level":"info","message":"[21/11/2023, 18:54:40] Feature 'task' is not enabled for user Juan Diego"}
{"level":"info","message":"[21/11/2023, 18:54:40] Feature 'task' is not enabled for user Juan Diego"}
{"level":"info","message":"[21/11/2023, 18:54:40] Feature 'task' is enabled for user Juan Diego"}
{"level":"info","message":"[21/11/2023, 18:54:40] Inserting city lima in DataBase"}
{"level":"info","message":"[21/11/2023, 18:54:40] Feature 'task' is not enabled for user Juan Diego"}
{"level":"info","message":"[21/11/2023, 18:54:40] Feature 'task' is not enabled for user Juan Diego"}
{"level":"info","message":"[21/11/2023, 18:54:40] Feature 'task' is not enabled for user Juan Diego"}
{"level":"info","message":"[21/11/2023, 18:54:40] Feature 'task' is not enabled for user Juan Diego"}
{"level":"info","message":"[21/11/2023, 18:54:40] Feature 'task' is enabled for user Juan Diego"}
{"level":"info","message":"[21/11/2023, 18:54:40] Inserting city lima in DataBase"}
{"level":"info","message":"[21/11/2023, 18:54:40] Feature 'task' is not enabled for user Juan Diego"}
{"level":"info","message":"[21/11/2023, 18:54:40] Feature 'task' is not enabled for user Juan Diego"}
{"level":"info","message":"[21/11/2023, 18:54:40] Feature 'task' is not enabled for user Juan Diego"}
{"level":"info","message":"[21/11/2023, 18:54:40] Feature 'task' is not enabled for user Juan Diego"}
{"level":"info","message":"[21/11/2023, 18:54:40] Feature 'task' is enabled for user Juan Diego"}
{"level":"info","message":"[21/11/2023, 18:54:40] Inserting city lima in DataBase"}
{"level":"error","message":"Error processing request: Request failed with status code 429"}
{"level":"info","message":"[21/11/2023, 18:54:40] Feature 'task' is not enabled for user Juan Diego"}
{"level":"info","message":"[21/11/2023, 18:54:40] Feature 'task' is not enabled for user Juan Diego"}
{"level":"info","message":"[21/11/2023, 18:54:40] Feature 'task' is not enabled for user Juan Diego"}
{"level":"error","message":"Error processing request: Request failed with status code 429"}
{"level":"info","message":"[21/11/2023, 18:54:40] Feature 'task' is not enabled for user Juan Diego"}
{"level":"info","message":"[21/11/2023, 18:54:40] Feature 'task' is not enabled for user Juan Diego"}
{"level":"error","message":"Error processing request: Request failed with status code 429"}
{"level":"info","message":"[21/11/2023, 18:54:40] Feature 'task' is not enabled for user Juan Diego"}
{"level":"info","message":"[21/11/2023, 18:54:40] Feature 'task' is not enabled for user Juan Diego"}
{"level":"info","message":"[21/11/2023, 18:54:40] Feature 'task' is not enabled for user Juan Diego"}
{"level":"info","message":"[21/11/2023, 18:54:40] Feature 'task' is not enabled for user Juan Diego"}
{"level":"info","message":"[21/11/2023, 18:54:40] Feature 'task' is enabled for user Juan Diego"}
{"level":"info","message":"[21/11/2023, 18:54:40] Inserting city lima in DataBase"}
{"level":"info","message":"[21/11/2023, 18:54:40] Feature 'task' is not enabled for user Juan Diego"}
{"level":"error","message":"Error processing request: Request failed with status code 429"}
{"level":"info","message":"[21/11/2023, 18:54:40] Feature 'task' is not enabled for user Juan Diego"}
{"level":"info","message":"[21/11/2023, 18:54:40] Feature 'task' is not enabled for user Juan Diego"}
{"level":"info","message":"[21/11/2023, 18:54:40] Feature 'task' is enabled for user Juan Diego"}
{"level":"info","message":"[21/11/2023, 18:54:40] Inserting city lima in DataBase"}
{"level":"info","message":"[21/11/2023, 18:54:40] Feature 'task' is not enabled for user Juan Diego"}
{"level":"error","message":"Error processing request: Request failed with status code 429"}
{"level":"error","message":"Error processing request: Request failed with status code 429"}
{"level":"error","message":"Error processing request: Request failed with status code 429"}
{"level":"info","message":"[21/11/2023, 19:06:36] Feature 'task' is enabled for user Juan Diego"}
{"level":"info","message":"[21/11/2023, 19:06:36] Getting data of city lima from DataBase"}
{"level":"info","message":"[21/11/2023, 19:06:43] Feature 'task' is not enabled for user Juan Diego"}
{"level":"info","message":"[21/11/2023, 19:06:44] Feature 'task' is not enabled for user Juan Diego"}
{"level":"info","message":"[21/11/2023, 19:06:45] Feature 'task' is not enabled for user Juan Diego"}
{"level":"info","message":"[21/11/2023, 19:06:45] Feature 'task' is not enabled for user Juan Diego"}
{"level":"info","message":"[21/11/2023, 19:06:46] Feature 'task' is not enabled for user Juan Diego"}
{"level":"info","message":"[21/11/2023, 19:06:46] Feature 'task' is not enabled for user Juan Diego"}
{"level":"info","message":"[21/11/2023, 19:06:47] Feature 'task' is not enabled for user Juan Diego"}
{"level":"info","message":"[21/11/2023, 19:06:47] Feature 'task' is not enabled for user Juan Diego"}
{"level":"info","message":"[21/11/2023, 19:06:48] Feature 'task' is not enabled for user Juan Diego"}
{"level":"info","message":"[21/11/2023, 19:06:48] Feature 'task' is not enabled for user Juan Diego"}
{"level":"info","message":"[21/11/2023, 19:06:49] Feature 'task' is not enabled for user Juan Diego"}
{"level":"info","message":"[21/11/2023, 19:06:49] Feature 'task' is not enabled for user Juan Diego"}
{"level":"info","message":"[21/11/2023, 19:06:50] Feature 'task' is not enabled for user Juan Diego"}
{"level":"info","message":"[21/11/2023, 19:06:50] Feature 'task' is enabled for user Juan Diego"}
{"level":"info","message":"[21/11/2023, 19:06:50] Getting data of city lima from DataBase"}
{"level":"info","message":"[21/11/2023, 19:07:39] Feature 'task' is enabled for user Juan Diego"}
{"level":"info","message":"[21/11/2023, 19:07:39] Inserting city lima in DataBase"}
{"level":"info","message":"[21/11/2023, 19:07:39] Feature 'task' is enabled for user Juan Diego"}
{"level":"info","message":"[21/11/2023, 19:07:39] Inserting city lima in DataBase"}
{"level":"info","message":"[21/11/2023, 19:07:53] Feature 'task' is enabled for user Juan Diego"}
{"level":"info","message":"[21/11/2023, 19:07:53] Getting data of city lima from DataBase"}
{"level":"info","message":"[21/11/2023, 20:05:19] Feature 'task' is enabled for user Juan Diego"}
{"level":"info","message":"[21/11/2023, 20:05:19] Getting data of city lima from DataBase"}
